<?xml version="1.0" encoding="UTF-8"?>
<testng-results ignored="0" total="1" passed="1" failed="0" skipped="0">
  <reporter-output>
  </reporter-output>
  <suite started-at="2023-08-05T09:00:16 IST" name="Suite" finished-at="2023-08-05T09:01:02 IST" duration-ms="45739">
    <groups>
    </groups>
    <test started-at="2023-08-05T09:00:16 IST" name="Test" finished-at="2023-08-05T09:01:02 IST" duration-ms="45739">
      <class name="MedicareTestcases.LoginPageAsUser">
        <test-method is-config="true" signature="openUrl()[pri:0, instance:MedicareTestcases.LoginPageAsUser@57a78e3]" started-at="2023-08-05T09:00:16 IST" name="openUrl" finished-at="2023-08-05T09:00:34 IST" duration-ms="18023" status="PASS">
          <reporter-output>
          </reporter-output>
        </test-method> <!-- openUrl -->
        <test-method signature="LoginTest()[pri:0, instance:MedicareTestcases.LoginPageAsUser@57a78e3]" started-at="2023-08-05T09:00:34 IST" name="LoginTest" finished-at="2023-08-05T09:01:02 IST" duration-ms="27654" status="PASS">
          <reporter-output>
          </reporter-output>
        </test-method> <!-- LoginTest -->
      </class> <!-- MedicareTestcases.LoginPageAsUser -->
    </test> <!-- Test -->
  </suite> <!-- Suite -->
</testng-results>
